In file included from ../src/bufferutil.cc:15:0:
/home/pabloperalta/Documentos/lab-profile-app/node_modules/nan/nan.h:107:11: error: ‘v8::Handle’ has not been declared
     , v8::Handle<v8::String> opt, bool def) {
           ^~~~~~
/home/pabloperalta/Documentos/lab-profile-app/node_modules/nan/nan.h:107:17: error: expected ‘,’ or ‘...’ before ‘<’ token
     , v8::Handle<v8::String> opt, bool def) {
                 ^
/home/pabloperalta/Documentos/lab-profile-app/node_modules/nan/nan.h: In function ‘bool NanBooleanOptionValue(v8::Local<v8::Object>, int)’:
/home/pabloperalta/Documentos/lab-profile-app/node_modules/nan/nan.h:109:7: error: ‘def’ was not declared in this scope
   if (def) {
       ^~~
/home/pabloperalta/Documentos/lab-profile-app/node_modules/nan/nan.h:111:27: error: ‘opt’ was not declared in this scope
       || !optionsObj->Has(opt)
                           ^~~
/home/pabloperalta/Documentos/lab-profile-app/node_modules/nan/nan.h:115:26: error: ‘opt’ was not declared in this scope
       && optionsObj->Has(opt)
                          ^~~
/home/pabloperalta/Documentos/lab-profile-app/node_modules/nan/nan.h: At global scope:
/home/pabloperalta/Documentos/lab-profile-app/node_modules/nan/nan.h:122:11: error: ‘v8::Handle’ has not been declared
     , v8::Handle<v8::String> opt) {
           ^~~~~~
/home/pabloperalta/Documentos/lab-profile-app/node_modules/nan/nan.h:122:17: error: expected ‘,’ or ‘...’ before ‘<’ token
     , v8::Handle<v8::String> opt) {
                 ^
/home/pabloperalta/Documentos/lab-profile-app/node_modules/nan/nan.h: In function ‘bool NanBooleanOptionValue(v8::Local<v8::Object>, int)’:
/home/pabloperalta/Documentos/lab-profile-app/node_modules/nan/nan.h:120:20: error: redefinition of ‘bool NanBooleanOptionValue(v8::Local<v8::Object>, int)’
 static inline bool NanBooleanOptionValue(
                    ^~~~~~~~~~~~~~~~~~~~~
/home/pabloperalta/Documentos/lab-profile-app/node_modules/nan/nan.h:105:20: note: ‘bool NanBooleanOptionValue(v8::Local<v8::Object>, int)’ previously defined here
 static inline bool NanBooleanOptionValue(
                    ^~~~~~~~~~~~~~~~~~~~~
/home/pabloperalta/Documentos/lab-profile-app/node_modules/nan/nan.h:123:44: error: ‘opt’ was not declared in this scope
   return NanBooleanOptionValue(optionsObj, opt, false);
                                            ^~~
/home/pabloperalta/Documentos/lab-profile-app/node_modules/nan/nan.h: At global scope:
/home/pabloperalta/Documentos/lab-profile-app/node_modules/nan/nan.h:128:11: error: ‘v8::Handle’ has not been declared
     , v8::Handle<v8::String> opt
           ^~~~~~
/home/pabloperalta/Documentos/lab-profile-app/node_modules/nan/nan.h:128:17: error: expected ‘,’ or ‘...’ before ‘<’ token
     , v8::Handle<v8::String> opt
                 ^
/home/pabloperalta/Documentos/lab-profile-app/node_modules/nan/nan.h: In function ‘uint32_t NanUInt32OptionValue(v8::Local<v8::Object>, int)’:
/home/pabloperalta/Documentos/lab-profile-app/node_modules/nan/nan.h:132:24: error: ‘opt’ was not declared in this scope
     && optionsObj->Has(opt)
                        ^~~
/home/pabloperalta/Documentos/lab-profile-app/node_modules/nan/nan.h:135:9: error: ‘def’ was not declared in this scope
       : def;
         ^~~
/home/pabloperalta/Documentos/lab-profile-app/node_modules/nan/nan.h: In function ‘void NanThrowError(const char*)’:
/home/pabloperalta/Documentos/lab-profile-app/node_modules/nan/nan.h:209:11: error: ‘ThrowException’ is not a member of ‘v8’
       v8::ThrowException(fun(v8::String::New(errmsg)));                        \
           ^
/home/pabloperalta/Documentos/lab-profile-app/node_modules/nan/nan.h:213:5: note: in expansion of macro ‘_NAN_THROW_ERROR’
     _NAN_THROW_ERROR(v8::Exception::Error, errmsg);
     ^~~~~~~~~~~~~~~~
/home/pabloperalta/Documentos/lab-profile-app/node_modules/nan/nan.h:209:11: note: suggested alternative: ‘Exception’
       v8::ThrowException(fun(v8::String::New(errmsg)));                        \
           ^
/home/pabloperalta/Documentos/lab-profile-app/node_modules/nan/nan.h:213:5: note: in expansion of macro ‘_NAN_THROW_ERROR’
     _NAN_THROW_ERROR(v8::Exception::Error, errmsg);
     ^~~~~~~~~~~~~~~~
/home/pabloperalta/Documentos/lab-profile-app/node_modules/nan/nan.h:209:42: error: ‘New’ is not a member of ‘v8::String’
       v8::ThrowException(fun(v8::String::New(errmsg)));                        \
                                          ^
/home/pabloperalta/Documentos/lab-profile-app/node_modules/nan/nan.h:213:5: note: in expansion of macro ‘_NAN_THROW_ERROR’
     _NAN_THROW_ERROR(v8::Exception::Error, errmsg);
     ^~~~~~~~~~~~~~~~
/home/pabloperalta/Documentos/lab-profile-app/node_modules/nan/nan.h: At global scope:
/home/pabloperalta/Documentos/lab-profile-app/node_modules/nan/nan.h:216:40: error: variable or field ‘NanThrowError’ declared void
   inline static void NanThrowError(v8::Handle<v8::Value> error) {
                                        ^~~~~~
/home/pabloperalta/Documentos/lab-profile-app/node_modules/nan/nan.h:216:40: error: ‘Handle’ is not a member of ‘v8’
/home/pabloperalta/Documentos/lab-profile-app/node_modules/nan/nan.h:216:56: error: expected primary-expression before ‘>’ token
   inline static void NanThrowError(v8::Handle<v8::Value> error) {
                                                        ^
/home/pabloperalta/Documentos/lab-profile-app/node_modules/nan/nan.h:216:58: error: ‘error’ was not declared in this scope
   inline static void NanThrowError(v8::Handle<v8::Value> error) {
                                                          ^~~~~
/home/pabloperalta/Documentos/lab-profile-app/node_modules/nan/nan.h:216:58: note: suggested alternative: ‘perror’
   inline static void NanThrowError(v8::Handle<v8::Value> error) {
                                                          ^~~~~
                                                          perror
/home/pabloperalta/Documentos/lab-profile-app/node_modules/nan/nan.h: In function ‘void NanThrowError(const char*, int)’:
/home/pabloperalta/Documentos/lab-profile-app/node_modules/nan/nan.h:222:65: error: ‘New’ is not a member of ‘v8::String’
     v8::Local<v8::Value> err = v8::Exception::Error(v8::String::New(msg));
                                                                 ^~~
/home/pabloperalta/Documentos/lab-profile-app/node_modules/nan/nan.h:224:26: error: ‘New’ is not a member of ‘v8::String’
     obj->Set(v8::String::New("code"), v8::Int32::New(errorNumber));
                          ^~~
/home/pabloperalta/Documentos/lab-profile-app/node_modules/nan/nan.h:224:65: error: no matching function for call to ‘v8::Int32::New(const int&)’
     obj->Set(v8::String::New("code"), v8::Int32::New(errorNumber));
                                                                 ^
In file included from ../src/bufferutil.cc:7:0:
/home/pabloperalta/.cache/node-gyp/12.13.0/include/node/v8.h:3198:25: note: candidate: static v8::Local<v8::Integer> v8::Integer::New(v8::Isolate*, int32_t)
   static Local<Integer> New(Isolate* isolate, int32_t value);
                         ^~~
/home/pabloperalta/.cache/node-gyp/12.13.0/include/node/v8.h:3198:25: note:   candidate expects 2 arguments, 1 provided
In file included from ../src/bufferutil.cc:15:0:
/home/pabloperalta/Documentos/lab-profile-app/node_modules/nan/nan.h:225:22: error: no matching function for call to ‘NanThrowError(v8::Local<v8::Value>&)’
     NanThrowError(err);
                      ^
/home/pabloperalta/Documentos/lab-profile-app/node_modules/nan/nan.h:212:22: note: candidate: void NanThrowError(const char*)
   inline static void NanThrowError(const char* errmsg) {
                      ^~~~~~~~~~~~~
/home/pabloperalta/Documentos/lab-profile-app/node_modules/nan/nan.h:212:22: note:   no known conversion for argument 1 from ‘v8::Local<v8::Value>’ to ‘const char*’
/home/pabloperalta/Documentos/lab-profile-app/node_modules/nan/nan.h:221:22: note: candidate: void NanThrowError(const char*, int)
   inline static void NanThrowError(const char *msg, const int errorNumber) {
                      ^~~~~~~~~~~~~
/home/pabloperalta/Documentos/lab-profile-app/node_modules/nan/nan.h:221:22: note:   candidate expects 2 arguments, 1 provided
/home/pabloperalta/Documentos/lab-profile-app/node_modules/nan/nan.h: In function ‘void NanThrowTypeError(const char*)’:
/home/pabloperalta/Documentos/lab-profile-app/node_modules/nan/nan.h:209:11: error: ‘ThrowException’ is not a member of ‘v8’
       v8::ThrowException(fun(v8::String::New(errmsg)));                        \
           ^
/home/pabloperalta/Documentos/lab-profile-app/node_modules/nan/nan.h:229:5: note: in expansion of macro ‘_NAN_THROW_ERROR’
     _NAN_THROW_ERROR(v8::Exception::TypeError, errmsg);
     ^~~~~~~~~~~~~~~~
/home/pabloperalta/Documentos/lab-profile-app/node_modules/nan/nan.h:209:11: note: suggested alternative: ‘Exception’
       v8::ThrowException(fun(v8::String::New(errmsg)));                        \
           ^
/home/pabloperalta/Documentos/lab-profile-app/node_modules/nan/nan.h:229:5: note: in expansion of macro ‘_NAN_THROW_ERROR’
     _NAN_THROW_ERROR(v8::Exception::TypeError, errmsg);
     ^~~~~~~~~~~~~~~~
/home/pabloperalta/Documentos/lab-profile-app/node_modules/nan/nan.h:209:42: error: ‘New’ is not a member of ‘v8::String’
       v8::ThrowException(fun(v8::String::New(errmsg)));                        \
                                          ^
/home/pabloperalta/Documentos/lab-profile-app/node_modules/nan/nan.h:229:5: note: in expansion of macro ‘_NAN_THROW_ERROR’
     _NAN_THROW_ERROR(v8::Exception::TypeError, errmsg);
     ^~~~~~~~~~~~~~~~
/home/pabloperalta/Documentos/lab-profile-app/node_modules/nan/nan.h: In function ‘void NanThrowRangeError(const char*)’:
/home/pabloperalta/Documentos/lab-profile-app/node_modules/nan/nan.h:209:11: error: ‘ThrowException’ is not a member of ‘v8’
       v8::ThrowException(fun(v8::String::New(errmsg)));                        \
           ^
/home/pabloperalta/Documentos/lab-profile-app/node_modules/nan/nan.h:233:5: note: in expansion of macro ‘_NAN_THROW_ERROR’
     _NAN_THROW_ERROR(v8::Exception::RangeError, errmsg);
     ^~~~~~~~~~~~~~~~
/home/pabloperalta/Documentos/lab-profile-app/node_modules/nan/nan.h:209:11: note: suggested alternative: ‘Exception’
       v8::ThrowException(fun(v8::String::New(errmsg)));                        \
           ^
/home/pabloperalta/Documentos/lab-profile-app/node_modules/nan/nan.h:233:5: note: in expansion of macro ‘_NAN_THROW_ERROR’
     _NAN_THROW_ERROR(v8::Exception::RangeError, errmsg);
     ^~~~~~~~~~~~~~~~
/home/pabloperalta/Documentos/lab-profile-app/node_modules/nan/nan.h:209:42: error: ‘New’ is not a member of ‘v8::String’
       v8::ThrowException(fun(v8::String::New(errmsg)));                        \
                                          ^
/home/pabloperalta/Documentos/lab-profile-app/node_modules/nan/nan.h:233:5: note: in expansion of macro ‘_NAN_THROW_ERROR’
     _NAN_THROW_ERROR(v8::Exception::RangeError, errmsg);
     ^~~~~~~~~~~~~~~~
/home/pabloperalta/Documentos/lab-profile-app/node_modules/nan/nan.h: At global scope:
/home/pabloperalta/Documentos/lab-profile-app/node_modules/nan/nan.h:244:13: error: ‘node::smalloc’ has not been declared
       node::smalloc::FreeCallback callback,
             ^~~~~~~
/home/pabloperalta/Documentos/lab-profile-app/node_modules/nan/nan.h:244:35: error: expected ‘,’ or ‘...’ before ‘callback’
       node::smalloc::FreeCallback callback,
                                   ^~~~~~~~
/home/pabloperalta/Documentos/lab-profile-app/node_modules/nan/nan.h: In function ‘v8::Local<v8::Object> NanNewBufferHandle(char*, size_t, int)’:
/home/pabloperalta/Documentos/lab-profile-app/node_modules/nan/nan.h:246:44: error: ‘callback’ was not declared in this scope
     return node::Buffer::New(data, length, callback, hint);
                                            ^~~~~~~~
/home/pabloperalta/Documentos/lab-profile-app/node_modules/nan/nan.h:246:44: note: suggested alternative: ‘calloc’
     return node::Buffer::New(data, length, callback, hint);
                                            ^~~~~~~~
                                            calloc
/home/pabloperalta/Documentos/lab-profile-app/node_modules/nan/nan.h:246:54: error: ‘hint’ was not declared in this scope
     return node::Buffer::New(data, length, callback, hint);
                                                      ^~~~
/home/pabloperalta/Documentos/lab-profile-app/node_modules/nan/nan.h:246:54: note: suggested alternative: ‘uint’
     return node::Buffer::New(data, length, callback, hint);
                                                      ^~~~
                                                      uint
/home/pabloperalta/Documentos/lab-profile-app/node_modules/nan/nan.h: In function ‘v8::Local<v8::Object> NanNewBufferHandle(char*, uint32_t)’:
/home/pabloperalta/Documentos/lab-profile-app/node_modules/nan/nan.h:251:40: error: no matching function for call to ‘New(char*&, uint32_t&)’
     return node::Buffer::New(data, size);
                                        ^
In file included from ../src/bufferutil.cc:9:0:
/home/pabloperalta/.cache/node-gyp/12.13.0/include/node/node_buffer.h:49:40: note: candidate: v8::MaybeLocal<v8::Object> node::Buffer::New(v8::Isolate*, size_t)
 NODE_EXTERN v8::MaybeLocal<v8::Object> New(v8::Isolate* isolate, size_t length);
                                        ^~~
/home/pabloperalta/.cache/node-gyp/12.13.0/include/node/node_buffer.h:49:40: note:   no known conversion for argument 1 from ‘char*’ to ‘v8::Isolate*’
/home/pabloperalta/.cache/node-gyp/12.13.0/include/node/node_buffer.h:52:40: note: candidate: v8::MaybeLocal<v8::Object> node::Buffer::New(v8::Isolate*, v8::Local<v8::String>, node::encoding)
 NODE_EXTERN v8::MaybeLocal<v8::Object> New(v8::Isolate* isolate,
                                        ^~~
/home/pabloperalta/.cache/node-gyp/12.13.0/include/node/node_buffer.h:52:40: note:   no known conversion for argument 1 from ‘char*’ to ‘v8::Isolate*’
/home/pabloperalta/.cache/node-gyp/12.13.0/include/node/node_buffer.h:57:40: note: candidate: v8::MaybeLocal<v8::Object> node::Buffer::New(v8::Isolate*, char*, size_t, node::Buffer::FreeCallback, void*)
 NODE_EXTERN v8::MaybeLocal<v8::Object> New(v8::Isolate* isolate,
                                        ^~~
/home/pabloperalta/.cache/node-gyp/12.13.0/include/node/node_buffer.h:57:40: note:   candidate expects 5 arguments, 2 provided
/home/pabloperalta/.cache/node-gyp/12.13.0/include/node/node_buffer.h:64:40: note: candidate: v8::MaybeLocal<v8::Object> node::Buffer::New(v8::Isolate*, char*, size_t)
 NODE_EXTERN v8::MaybeLocal<v8::Object> New(v8::Isolate* isolate,
                                        ^~~
/home/pabloperalta/.cache/node-gyp/12.13.0/include/node/node_buffer.h:64:40: note:   candidate expects 3 arguments, 2 provided
In file included from ../src/bufferutil.cc:15:0:
/home/pabloperalta/Documentos/lab-profile-app/node_modules/nan/nan.h: In function ‘v8::Local<v8::Object> NanNewBufferHandle(uint32_t)’:
/home/pabloperalta/Documentos/lab-profile-app/node_modules/nan/nan.h:255:34: error: no matching function for call to ‘New(uint32_t&)’
     return node::Buffer::New(size);
                                  ^
In file included from ../src/bufferutil.cc:9:0:
/home/pabloperalta/.cache/node-gyp/12.13.0/include/node/node_buffer.h:49:40: note: candidate: v8::MaybeLocal<v8::Object> node::Buffer::New(v8::Isolate*, size_t)
 NODE_EXTERN v8::MaybeLocal<v8::Object> New(v8::Isolate* isolate, size_t length);
                                        ^~~
/home/pabloperalta/.cache/node-gyp/12.13.0/include/node/node_buffer.h:49:40: note:   candidate expects 2 arguments, 1 provided
/home/pabloperalta/.cache/node-gyp/12.13.0/include/node/node_buffer.h:52:40: note: candidate: v8::MaybeLocal<v8::Object> node::Buffer::New(v8::Isolate*, v8::Local<v8::String>, node::encoding)
 NODE_EXTERN v8::MaybeLocal<v8::Object> New(v8::Isolate* isolate,
                                        ^~~
/home/pabloperalta/.cache/node-gyp/12.13.0/include/node/node_buffer.h:52:40: note:   candidate expects 3 arguments, 1 provided
/home/pabloperalta/.cache/node-gyp/12.13.0/include/node/node_buffer.h:57:40: note: candidate: v8::MaybeLocal<v8::Object> node::Buffer::New(v8::Isolate*, char*, size_t, node::Buffer::FreeCallback, void*)
 NODE_EXTERN v8::MaybeLocal<v8::Object> New(v8::Isolate* isolate,
                                        ^~~
/home/pabloperalta/.cache/node-gyp/12.13.0/include/node/node_buffer.h:57:40: note:   candidate expects 5 arguments, 1 provided
/home/pabloperalta/.cache/node-gyp/12.13.0/include/node/node_buffer.h:64:40: note: candidate: v8::MaybeLocal<v8::Object> node::Buffer::New(v8::Isolate*, char*, size_t)
 NODE_EXTERN v8::MaybeLocal<v8::Object> New(v8::Isolate* isolate,
                                        ^~~
/home/pabloperalta/.cache/node-gyp/12.13.0/include/node/node_buffer.h:64:40: note:   candidate expects 3 arguments, 1 provided
In file included from ../src/bufferutil.cc:15:0:
/home/pabloperalta/Documentos/lab-profile-app/node_modules/nan/nan.h: In function ‘v8::Local<v8::Object> NanBufferUse(char*, uint32_t)’:
/home/pabloperalta/Documentos/lab-profile-app/node_modules/nan/nan.h:259:26: error: ‘Use’ is not a member of ‘node::Buffer’
     return node::Buffer::Use(data, size);
                          ^~~
/home/pabloperalta/Documentos/lab-profile-app/node_modules/nan/nan.h: At global scope:
/home/pabloperalta/Documentos/lab-profile-app/node_modules/nan/nan.h:275:13: error: ‘v8::Handle’ has not been declared
       , v8::Handle<v8::Value> value) {
             ^~~~~~
/home/pabloperalta/Documentos/lab-profile-app/node_modules/nan/nan.h:275:19: error: expected ‘,’ or ‘...’ before ‘<’ token
       , v8::Handle<v8::Value> value) {
                   ^
/home/pabloperalta/Documentos/lab-profile-app/node_modules/nan/nan.h: In function ‘bool NanHasInstance(v8::Persistent<v8::FunctionTemplate>&, int)’:
/home/pabloperalta/Documentos/lab-profile-app/node_modules/nan/nan.h:276:65: error: ‘value’ was not declared in this scope
     return NanPersistentToLocal(function_template)->HasInstance(value);
                                                                 ^~~~~
/home/pabloperalta/Documentos/lab-profile-app/node_modules/nan/nan.h:276:65: note: suggested alternative: ‘valloc’
     return NanPersistentToLocal(function_template)->HasInstance(value);
                                                                 ^~~~~
                                                                 valloc
/home/pabloperalta/Documentos/lab-profile-app/node_modules/nan/nan.h: At global scope:
/home/pabloperalta/Documentos/lab-profile-app/node_modules/nan/nan.h:281:9: error: ‘v8::Handle’ has not been declared
     v8::Handle<v8::ObjectTemplate> tmpl = v8::Handle<v8::ObjectTemplate>(),
         ^~~~~~
/home/pabloperalta/Documentos/lab-profile-app/node_modules/nan/nan.h:281:15: error: expected ‘,’ or ‘...’ before ‘<’ token
     v8::Handle<v8::ObjectTemplate> tmpl = v8::Handle<v8::ObjectTemplate>(),
               ^
/home/pabloperalta/Documentos/lab-profile-app/node_modules/nan/nan.h: In function ‘v8::Local<v8::Context> NanNewContextHandle(v8::ExtensionConfiguration*, int)’:
/home/pabloperalta/Documentos/lab-profile-app/node_modules/nan/nan.h:279:40: error: default argument missing for parameter 2 of ‘v8::Local<v8::Context> NanNewContextHandle(v8::ExtensionConfiguration*, int)’
   static inline v8::Local<v8::Context> NanNewContextHandle(
                                        ^~~~~~~~~~~~~~~~~~~
/home/pabloperalta/Documentos/lab-profile-app/node_modules/nan/nan.h:284:36: error: ‘tmpl’ was not declared in this scope
           nan_isolate, extensions, tmpl, obj));
                                    ^~~~
/home/pabloperalta/Documentos/lab-profile-app/node_modules/nan/nan.h:284:36: note: suggested alternative: ‘tm’
           nan_isolate, extensions, tmpl, obj));
                                    ^~~~
                                    tm
/home/pabloperalta/Documentos/lab-profile-app/node_modules/nan/nan.h:284:42: error: ‘obj’ was not declared in this scope
           nan_isolate, extensions, tmpl, obj));
                                          ^~~
/home/pabloperalta/Documentos/lab-profile-app/node_modules/nan/nan.h: In constructor ‘NanCallback::NanCallback(const v8::Local<v8::Function>&)’:
/home/pabloperalta/Documentos/lab-profile-app/node_modules/nan/nan.h:450:49: error: no matching function for call to ‘v8::Object::New()’
     v8::Local<v8::Object> obj = v8::Object::New();
                                                 ^
In file included from ../src/bufferutil.cc:7:0:
/home/pabloperalta/.cache/node-gyp/12.13.0/include/node/v8.h:3818:24: note: candidate: static v8::Local<v8::Object> v8::Object::New(v8::Isolate*)
   static Local<Object> New(Isolate* isolate);
                        ^~~
/home/pabloperalta/.cache/node-gyp/12.13.0/include/node/v8.h:3818:24: note:   candidate expects 1 argument, 0 provided
/home/pabloperalta/.cache/node-gyp/12.13.0/include/node/v8.h:3828:24: note: candidate: static v8::Local<v8::Object> v8::Object::New(v8::Isolate*, v8::Local<v8::Value>, v8::Local<v8::Name>*, v8::Local<v8::Value>*, size_t)
   static Local<Object> New(Isolate* isolate, Local<Value> prototype_or_null,
                        ^~~
/home/pabloperalta/.cache/node-gyp/12.13.0/include/node/v8.h:3828:24: note:   candidate expects 5 arguments, 0 provided
In file included from ../src/bufferutil.cc:15:0:
/home/pabloperalta/Documentos/lab-profile-app/node_modules/nan/nan.h:103:38: error: ‘NewSymbol’ is not a member of ‘v8::String’
 #define NanSymbol(value) v8::String::NewSymbol(value)
                                      ^
/home/pabloperalta/Documentos/lab-profile-app/node_modules/nan/nan.h:451:14: note: in expansion of macro ‘NanSymbol’
     obj->Set(NanSymbol("callback"), fn);
              ^~~~~~~~~
/home/pabloperalta/Documentos/lab-profile-app/node_modules/nan/nan.h: In destructor ‘NanCallback::~NanCallback()’:
/home/pabloperalta/Documentos/lab-profile-app/node_modules/nan/nan.h:457:12: error: ‘class v8::Persistent<v8::Object>’ has no member named ‘Dispose’
     handle.Dispose();
            ^~~~~~~
/home/pabloperalta/Documentos/lab-profile-app/node_modules/nan/nan.h:458:12: error: ‘class v8::Persistent<v8::Object>’ has no member named ‘Clear’
     handle.Clear();
            ^~~~~
/home/pabloperalta/Documentos/lab-profile-app/node_modules/nan/nan.h: In member function ‘v8::Local<v8::Function> NanCallback::GetFunction()’:
/home/pabloperalta/Documentos/lab-profile-app/node_modules/nan/nan.h:103:38: error: ‘NewSymbol’ is not a member of ‘v8::String’
 #define NanSymbol(value) v8::String::NewSymbol(value)
                                      ^
/home/pabloperalta/Documentos/lab-profile-app/node_modules/nan/nan.h:462:46: note: in expansion of macro ‘NanSymbol’
     return NanPersistentToLocal(handle)->Get(NanSymbol("callback"))
                                              ^~~~~~~~~
/home/pabloperalta/Documentos/lab-profile-app/node_modules/nan/nan.h:463:25: error: expected primary-expression before ‘>’ token
         .As<v8::Function>();
                         ^
/home/pabloperalta/Documentos/lab-profile-app/node_modules/nan/nan.h:463:27: error: expected primary-expression before ‘)’ token
         .As<v8::Function>();
                           ^
/home/pabloperalta/Documentos/lab-profile-app/node_modules/nan/nan.h: In member function ‘void NanCallback::Call(int, v8::Local<v8::Value>*)’:
/home/pabloperalta/Documentos/lab-profile-app/node_modules/nan/nan.h:103:38: error: ‘NewSymbol’ is not a member of ‘v8::String’
 #define NanSymbol(value) v8::String::NewSymbol(value)
                                      ^
/home/pabloperalta/Documentos/lab-profile-app/node_modules/nan/nan.h:475:12: note: in expansion of macro ‘NanSymbol’
        Get(NanSymbol("callback")).As<v8::Function>();
            ^~~~~~~~~
/home/pabloperalta/Documentos/lab-profile-app/node_modules/nan/nan.h:475:50: error: expected primary-expression before ‘>’ token
        Get(NanSymbol("callback")).As<v8::Function>();
                                                  ^
/home/pabloperalta/Documentos/lab-profile-app/node_modules/nan/nan.h:475:52: error: expected primary-expression before ‘)’ token
        Get(NanSymbol("callback")).As<v8::Function>();
                                                    ^
/home/pabloperalta/Documentos/lab-profile-app/node_modules/nan/nan.h:476:18: error: no matching function for call to ‘v8::TryCatch::TryCatch()’
     v8::TryCatch try_catch;
                  ^~~~~~~~~
In file included from ../src/bufferutil.cc:7:0:
/home/pabloperalta/.cache/node-gyp/12.13.0/include/node/v8.h:9251:12: note: candidate: v8::TryCatch::TryCatch(v8::Isolate*)
   explicit TryCatch(Isolate* isolate);
            ^~~~~~~~
/home/pabloperalta/.cache/node-gyp/12.13.0/include/node/v8.h:9251:12: note:   candidate expects 1 argument, 0 provided
In file included from ../src/bufferutil.cc:15:0:
/home/pabloperalta/Documentos/lab-profile-app/node_modules/nan/nan.h:477:33: error: ‘GetCurrent’ is not a member of ‘v8::Context’
     callback->Call(v8::Context::GetCurrent()->Global(), argc, argv);
                                 ^~~~~~~~~~
/home/pabloperalta/Documentos/lab-profile-app/node_modules/nan/nan.h:479:37: error: cannot convert ‘v8::TryCatch’ to ‘v8::Isolate*’ for argument ‘1’ to ‘void node::FatalException(v8::Isolate*, const v8::TryCatch&)’
       node::FatalException(try_catch);
                                     ^
/home/pabloperalta/Documentos/lab-profile-app/node_modules/nan/nan.h: At global scope:
/home/pabloperalta/Documentos/lab-profile-app/node_modules/nan/nan.h:518:3: error: ‘uv_work_t’ does not name a type; did you mean ‘uv_loop_s’?
   uv_work_t request;
   ^~~~~~~~~
   uv_loop_s
/home/pabloperalta/Documentos/lab-profile-app/node_modules/nan/nan.h: In constructor ‘NanAsyncWorker::NanAsyncWorker(NanCallback*)’:
/home/pabloperalta/Documentos/lab-profile-app/node_modules/nan/nan.h:490:5: error: ‘request’ was not declared in this scope
     request.data = this;
     ^~~~~~~
/home/pabloperalta/Documentos/lab-profile-app/node_modules/nan/nan.h: In member function ‘void NanAsyncWorker::SavePersistent(const char*, v8::Local<v8::Object>&)’:
/home/pabloperalta/Documentos/lab-profile-app/node_modules/nan/nan.h:103:38: error: ‘NewSymbol’ is not a member of ‘v8::String’
 #define NanSymbol(value) v8::String::NewSymbol(value)
                                      ^
/home/pabloperalta/Documentos/lab-profile-app/node_modules/nan/nan.h:529:17: note: in expansion of macro ‘NanSymbol’
     handle->Set(NanSymbol(key), obj);
                 ^~~~~~~~~
/home/pabloperalta/Documentos/lab-profile-app/node_modules/nan/nan.h: In member function ‘v8::Local<v8::Object> NanAsyncWorker::GetFromPersistent(const char*)’:
/home/pabloperalta/Documentos/lab-profile-app/node_modules/nan/nan.h:103:38: error: ‘NewSymbol’ is not a member of ‘v8::String’
 #define NanSymbol(value) v8::String::NewSymbol(value)
                                      ^
/home/pabloperalta/Documentos/lab-profile-app/node_modules/nan/nan.h:536:24: note: in expansion of macro ‘NanSymbol’
     return handle->Get(NanSymbol(key)).As<v8::Object>();
                        ^~~~~~~~~
/home/pabloperalta/Documentos/lab-profile-app/node_modules/nan/nan.h:536:53: error: expected primary-expression before ‘>’ token
     return handle->Get(NanSymbol(key)).As<v8::Object>();
                                                     ^
/home/pabloperalta/Documentos/lab-profile-app/node_modules/nan/nan.h:536:55: error: expected primary-expression before ‘)’ token
     return handle->Get(NanSymbol(key)).As<v8::Object>();
                                                       ^
/home/pabloperalta/Documentos/lab-profile-app/node_modules/nan/nan.h: In member function ‘virtual void NanAsyncWorker::HandleErrorCallback()’:
/home/pabloperalta/Documentos/lab-profile-app/node_modules/nan/nan.h:549:42: error: ‘New’ is not a member of ‘v8::String’
         v8::Exception::Error(v8::String::New(errmsg))
                                          ^~~
/home/pabloperalta/Documentos/lab-profile-app/node_modules/nan/nan.h: At global scope:
/home/pabloperalta/Documentos/lab-profile-app/node_modules/nan/nan.h:555:30: error: variable or field ‘NanAsyncExecute’ declared void
 inline void NanAsyncExecute (uv_work_t* req) {
                              ^~~~~~~~~
/home/pabloperalta/Documentos/lab-profile-app/node_modules/nan/nan.h:555:30: error: ‘uv_work_t’ was not declared in this scope
/home/pabloperalta/Documentos/lab-profile-app/node_modules/nan/nan.h:555:30: note: suggested alternative: ‘uv_loop_s’
 inline void NanAsyncExecute (uv_work_t* req) {
                              ^~~~~~~~~
                              uv_loop_s
/home/pabloperalta/Documentos/lab-profile-app/node_modules/nan/nan.h:555:41: error: ‘req’ was not declared in this scope
 inline void NanAsyncExecute (uv_work_t* req) {
                                         ^~~
/home/pabloperalta/Documentos/lab-profile-app/node_modules/nan/nan.h:555:41: note: suggested alternative: ‘free’
 inline void NanAsyncExecute (uv_work_t* req) {
                                         ^~~
                                         free
/home/pabloperalta/Documentos/lab-profile-app/node_modules/nan/nan.h:560:38: error: variable or field ‘NanAsyncExecuteComplete’ declared void
 inline void NanAsyncExecuteComplete (uv_work_t* req) {
                                      ^~~~~~~~~
/home/pabloperalta/Documentos/lab-profile-app/node_modules/nan/nan.h:560:38: error: ‘uv_work_t’ was not declared in this scope
/home/pabloperalta/Documentos/lab-profile-app/node_modules/nan/nan.h:560:38: note: suggested alternative: ‘uv_loop_s’
 inline void NanAsyncExecuteComplete (uv_work_t* req) {
                                      ^~~~~~~~~
                                      uv_loop_s
/home/pabloperalta/Documentos/lab-profile-app/node_modules/nan/nan.h:560:49: error: ‘req’ was not declared in this scope
 inline void NanAsyncExecuteComplete (uv_work_t* req) {
                                                 ^~~
/home/pabloperalta/Documentos/lab-profile-app/node_modules/nan/nan.h:560:49: note: suggested alternative: ‘free’
 inline void NanAsyncExecuteComplete (uv_work_t* req) {
                                                 ^~~
                                                 free
/home/pabloperalta/Documentos/lab-profile-app/node_modules/nan/nan.h: In function ‘void NanAsyncQueueWorker(NanAsyncWorker*)’:
/home/pabloperalta/Documentos/lab-profile-app/node_modules/nan/nan.h:568:7: error: ‘uv_default_loop’ was not declared in this scope
       uv_default_loop()
       ^~~~~~~~~~~~~~~
/home/pabloperalta/Documentos/lab-profile-app/node_modules/nan/nan.h:569:16: error: ‘class NanAsyncWorker’ has no member named ‘request’
     , &worker->request
                ^~~~~~~
/home/pabloperalta/Documentos/lab-profile-app/node_modules/nan/nan.h:570:7: error: ‘NanAsyncExecute’ was not declared in this scope
     , NanAsyncExecute
       ^~~~~~~~~~~~~~~
/home/pabloperalta/Documentos/lab-profile-app/node_modules/nan/nan.h:570:7: note: suggested alternative: ‘NanAsyncWorker’
     , NanAsyncExecute
       ^~~~~~~~~~~~~~~
       NanAsyncWorker
/home/pabloperalta/Documentos/lab-profile-app/node_modules/nan/nan.h:571:8: error: ‘uv_after_work_cb’ was not declared in this scope
     , (uv_after_work_cb)NanAsyncExecuteComplete
        ^~~~~~~~~~~~~~~~
/home/pabloperalta/Documentos/lab-profile-app/node_modules/nan/nan.h:567:3: error: ‘uv_queue_work’ was not declared in this scope
   uv_queue_work(
   ^~~~~~~~~~~~~
/home/pabloperalta/Documentos/lab-profile-app/node_modules/nan/nan.h: At global scope:
/home/pabloperalta/Documentos/lab-profile-app/node_modules/nan/nan.h:704:11: error: ‘Handle’ is not a member of ‘v8’
       v8::Handle<v8::Value> val
           ^~~~~~
/home/pabloperalta/Documentos/lab-profile-app/node_modules/nan/nan.h:704:27: error: expected primary-expression before ‘>’ token
       v8::Handle<v8::Value> val
                           ^
/home/pabloperalta/Documentos/lab-profile-app/node_modules/nan/nan.h:704:29: error: ‘val’ was not declared in this scope
       v8::Handle<v8::Value> val
                             ^~~
/home/pabloperalta/Documentos/lab-profile-app/node_modules/nan/nan.h:705:7: error: expected primary-expression before ‘const’
     , const char** data
       ^~~~~
/home/pabloperalta/Documentos/lab-profile-app/node_modules/nan/nan.h:706:13: error: expected primary-expression before ‘*’ token
     , size_t* len) {
             ^
/home/pabloperalta/Documentos/lab-profile-app/node_modules/nan/nan.h:706:15: error: ‘len’ was not declared in this scope
     , size_t* len) {
               ^~~
/home/pabloperalta/Documentos/lab-profile-app/node_modules/nan/nan.h:706:15: note: suggested alternative: ‘mblen’
     , size_t* len) {
               ^~~
               mblen
/home/pabloperalta/Documentos/lab-profile-app/node_modules/nan/nan.h:706:18: error: expression list treated as compound expression in initializer [-fpermissive]
     , size_t* len) {
                  ^
/home/pabloperalta/Documentos/lab-profile-app/node_modules/nan/nan.h:741:11: warning: inline variables are only available with -std=c++1z or -std=gnu++1z
       v8::Handle<v8::Value> from
           ^~~~~~
/home/pabloperalta/Documentos/lab-profile-app/node_modules/nan/nan.h:741:11: error: ‘Handle’ is not a member of ‘v8’
/home/pabloperalta/Documentos/lab-profile-app/node_modules/nan/nan.h:741:27: error: expected primary-expression before ‘>’ token
       v8::Handle<v8::Value> from
                           ^
/home/pabloperalta/Documentos/lab-profile-app/node_modules/nan/nan.h:741:29: error: ‘from’ was not declared in this scope
       v8::Handle<v8::Value> from
                             ^~~~
/home/pabloperalta/Documentos/lab-profile-app/node_modules/nan/nan.h:741:29: note: suggested alternative: ‘feof’
       v8::Handle<v8::Value> from
                             ^~~~
                             feof
/home/pabloperalta/Documentos/lab-profile-app/node_modules/nan/nan.h:742:7: error: expected primary-expression before ‘enum’
     , enum Nan::Encoding encoding = Nan::UTF8
       ^~~~
/home/pabloperalta/Documentos/lab-profile-app/node_modules/nan/nan.h:743:14: error: expected primary-expression before ‘*’ token
     , size_t *datalen = NULL
              ^
/home/pabloperalta/Documentos/lab-profile-app/node_modules/nan/nan.h:743:15: error: ‘datalen’ was not declared in this scope
     , size_t *datalen = NULL
               ^~~~~~~
/home/pabloperalta/Documentos/lab-profile-app/node_modules/nan/nan.h:743:15: note: suggested alternative: ‘strlen’
     , size_t *datalen = NULL
               ^~~~~~~
               strlen
/home/pabloperalta/Documentos/lab-profile-app/node_modules/nan/nan.h:744:7: error: expected primary-expression before ‘char’
     , char *buf = NULL
       ^~~~
/home/pabloperalta/Documentos/lab-profile-app/node_modules/nan/nan.h:745:14: error: expected primary-expression before ‘buflen’
     , size_t buflen = 0
              ^~~~~~
/home/pabloperalta/Documentos/lab-profile-app/node_modules/nan/nan.h:746:7: error: expected primary-expression before ‘int’
     , int flags = v8::String::NO_NULL_TERMINATION
       ^~~
/home/pabloperalta/Documentos/lab-profile-app/node_modules/nan/nan.h:747:44: error: expression list treated as compound expression in initializer [-fpermissive]
     | v8::String::HINT_MANY_WRITES_EXPECTED) {
                                            ^
../src/bufferutil.cc:24:30: error: ‘v8::Handle’ has not been declared
   static void Initialize(v8::Handle<v8::Object> target)
                              ^~~~~~
../src/bufferutil.cc:24:36: error: expected ‘,’ or ‘...’ before ‘<’ token
   static void Initialize(v8::Handle<v8::Object> target)
                                    ^
../src/bufferutil.cc: In static member function ‘static void BufferUtil::Initialize(int)’:
../src/bufferutil.cc:27:58: error: no matching function for call to ‘v8::FunctionTemplate::New(void (&)(const v8::FunctionCallbackInfo<v8::Value>&))’
     Local<FunctionTemplate> t = FunctionTemplate::New(New);
                                                          ^
In file included from ../src/bufferutil.cc:7:0:
/home/pabloperalta/.cache/node-gyp/12.13.0/include/node/v8.h:5974:34: note: candidate: static v8::Local<v8::FunctionTemplate> v8::FunctionTemplate::New(v8::Isolate*, v8::FunctionCallback, v8::Local<v8::Value>, v8::Local<v8::Signature>, int, v8::ConstructorBehavior, v8::SideEffectType)
   static Local<FunctionTemplate> New(
                                  ^~~
/home/pabloperalta/.cache/node-gyp/12.13.0/include/node/v8.h:5974:34: note:   no known conversion for argument 1 from ‘void(const v8::FunctionCallbackInfo<v8::Value>&)’ to ‘v8::Isolate*’
../src/bufferutil.cc:29:52: error: call of overloaded ‘NODE_SET_METHOD(v8::Local<v8::FunctionTemplate>&, const char [7], void (&)(const v8::FunctionCallbackInfo<v8::Value>&))’ is ambiguous
     NODE_SET_METHOD(t, "unmask", BufferUtil::Unmask);
                                                    ^
In file included from ../src/bufferutil.cc:8:0:
/home/pabloperalta/.cache/node-gyp/12.13.0/include/node/node.h:407:13: note: candidate: void node::NODE_SET_METHOD(v8::Local<v8::Template>, const char*, v8::FunctionCallback)
 inline void NODE_SET_METHOD(v8::Local<v8::Template> recv,
             ^~~~~~~~~~~~~~~
/home/pabloperalta/.cache/node-gyp/12.13.0/include/node/node.h:421:13: note: candidate: void node::NODE_SET_METHOD(v8::Local<v8::Object>, const char*, v8::FunctionCallback)
 inline void NODE_SET_METHOD(v8::Local<v8::Object> recv,
             ^~~~~~~~~~~~~~~
../src/bufferutil.cc:30:48: error: call of overloaded ‘NODE_SET_METHOD(v8::Local<v8::FunctionTemplate>&, const char [5], void (&)(const v8::FunctionCallbackInfo<v8::Value>&))’ is ambiguous
     NODE_SET_METHOD(t, "mask", BufferUtil::Mask);
                                                ^
In file included from ../src/bufferutil.cc:8:0:
/home/pabloperalta/.cache/node-gyp/12.13.0/include/node/node.h:407:13: note: candidate: void node::NODE_SET_METHOD(v8::Local<v8::Template>, const char*, v8::FunctionCallback)
 inline void NODE_SET_METHOD(v8::Local<v8::Template> recv,
             ^~~~~~~~~~~~~~~
/home/pabloperalta/.cache/node-gyp/12.13.0/include/node/node.h:421:13: note: candidate: void node::NODE_SET_METHOD(v8::Local<v8::Object>, const char*, v8::FunctionCallback)
 inline void NODE_SET_METHOD(v8::Local<v8::Object> recv,
             ^~~~~~~~~~~~~~~
../src/bufferutil.cc:31:50: error: call of overloaded ‘NODE_SET_METHOD(v8::Local<v8::FunctionTemplate>&, const char [6], void (&)(const v8::FunctionCallbackInfo<v8::Value>&))’ is ambiguous
     NODE_SET_METHOD(t, "merge", BufferUtil::Merge);
                                                  ^
In file included from ../src/bufferutil.cc:8:0:
/home/pabloperalta/.cache/node-gyp/12.13.0/include/node/node.h:407:13: note: candidate: void node::NODE_SET_METHOD(v8::Local<v8::Template>, const char*, v8::FunctionCallback)
 inline void NODE_SET_METHOD(v8::Local<v8::Template> recv,
             ^~~~~~~~~~~~~~~
/home/pabloperalta/.cache/node-gyp/12.13.0/include/node/node.h:421:13: note: candidate: void node::NODE_SET_METHOD(v8::Local<v8::Object>, const char*, v8::FunctionCallback)
 inline void NODE_SET_METHOD(v8::Local<v8::Object> recv,
             ^~~~~~~~~~~~~~~
../src/bufferutil.cc:32:5: error: ‘target’ was not declared in this scope
     target->Set(String::NewSymbol("BufferUtil"), t->GetFunction());
     ^~~~~~
../src/bufferutil.cc:32:5: note: suggested alternative: ‘Merge’
     target->Set(String::NewSymbol("BufferUtil"), t->GetFunction());
     ^~~~~~
     Merge
../src/bufferutil.cc:32:25: error: ‘NewSymbol’ is not a member of ‘v8::String’
     target->Set(String::NewSymbol("BufferUtil"), t->GetFunction());
                         ^~~~~~~~~
../src/bufferutil.cc:32:65: error: no matching function for call to ‘v8::FunctionTemplate::GetFunction()’
     target->Set(String::NewSymbol("BufferUtil"), t->GetFunction());
                                                                 ^
In file included from ../src/bufferutil.cc:7:0:
/home/pabloperalta/.cache/node-gyp/12.13.0/include/node/v8.h:5995:46: note: candidate: v8::MaybeLocal<v8::Function> v8::FunctionTemplate::GetFunction(v8::Local<v8::Context>)
   V8_WARN_UNUSED_RESULT MaybeLocal<Function> GetFunction(
                                              ^~~~~~~~~~~
/home/pabloperalta/.cache/node-gyp/12.13.0/include/node/v8.h:5995:46: note:   candidate expects 1 argument, 0 provided
../src/bufferutil.cc: In static member function ‘static void BufferUtil::Merge(const v8::FunctionCallbackInfo<v8::Value>&)’:
../src/bufferutil.cc:48:49: error: no matching function for call to ‘v8::Value::ToObject()’
     Local<Object> bufferObj = args[0]->ToObject();
                                                 ^
In file included from ../src/bufferutil.cc:7:0:
/home/pabloperalta/.cache/node-gyp/12.13.0/include/node/v8.h:2576:44: note: candidate: v8::MaybeLocal<v8::Object> v8::Value::ToObject(v8::Local<v8::Context>) const
   V8_WARN_UNUSED_RESULT MaybeLocal<Object> ToObject(
                                            ^~~~~~~~
/home/pabloperalta/.cache/node-gyp/12.13.0/include/node/v8.h:2576:44: note:   candidate expects 1 argument, 0 provided
In file included from /home/pabloperalta/.cache/node-gyp/12.13.0/include/node/v8-internal.h:14:0,
                 from /home/pabloperalta/.cache/node-gyp/12.13.0/include/node/v8.h:25,
                 from ../src/bufferutil.cc:7:
/home/pabloperalta/.cache/node-gyp/12.13.0/include/node/v8.h:2590:31: note: candidate: v8::Local<v8::Object> v8::Value::ToObject(v8::Isolate*) const
                 Local<Object> ToObject(Isolate* isolate) const);
                               ^
/home/pabloperalta/.cache/node-gyp/12.13.0/include/node/v8config.h:311:3: note: in definition of macro ‘V8_DEPRECATED’
   declarator __attribute__((deprecated(message)))
   ^~~~~~~~~~
/home/pabloperalta/.cache/node-gyp/12.13.0/include/node/v8.h:2590:31: note:   candidate expects 1 argument, 0 provided
                 Local<Object> ToObject(Isolate* isolate) const);
                               ^
/home/pabloperalta/.cache/node-gyp/12.13.0/include/node/v8config.h:311:3: note: in definition of macro ‘V8_DEPRECATED’
   declarator __attribute__((deprecated(message)))
   ^~~~~~~~~~
../src/bufferutil.cc:55:39: warning: ‘v8::Local<v8::Value> v8::Object::Get(uint32_t)’ is deprecated: Use maybe version [-Wdeprecated-declarations]
       Local<Object> src = array->Get(i)->ToObject();
                                       ^
In file included from /home/pabloperalta/.cache/node-gyp/12.13.0/include/node/v8-internal.h:14:0,
                 from /home/pabloperalta/.cache/node-gyp/12.13.0/include/node/v8.h:25,
                 from ../src/bufferutil.cc:7:
/home/pabloperalta/.cache/node-gyp/12.13.0/include/node/v8.h:3461:51: note: declared here
   V8_DEPRECATED("Use maybe version", Local<Value> Get(uint32_t index));
                                                   ^
/home/pabloperalta/.cache/node-gyp/12.13.0/include/node/v8config.h:311:3: note: in definition of macro ‘V8_DEPRECATED’
   declarator __attribute__((deprecated(message)))
   ^~~~~~~~~~
../src/bufferutil.cc:55:51: error: no matching function for call to ‘v8::Value::ToObject()’
       Local<Object> src = array->Get(i)->ToObject();
                                                   ^
In file included from ../src/bufferutil.cc:7:0:
/home/pabloperalta/.cache/node-gyp/12.13.0/include/node/v8.h:2576:44: note: candidate: v8::MaybeLocal<v8::Object> v8::Value::ToObject(v8::Local<v8::Context>) const
   V8_WARN_UNUSED_RESULT MaybeLocal<Object> ToObject(
                                            ^~~~~~~~
/home/pabloperalta/.cache/node-gyp/12.13.0/include/node/v8.h:2576:44: note:   candidate expects 1 argument, 0 provided
In file included from /home/pabloperalta/.cache/node-gyp/12.13.0/include/node/v8-internal.h:14:0,
                 from /home/pabloperalta/.cache/node-gyp/12.13.0/include/node/v8.h:25,
                 from ../src/bufferutil.cc:7:
/home/pabloperalta/.cache/node-gyp/12.13.0/include/node/v8.h:2590:31: note: candidate: v8::Local<v8::Object> v8::Value::ToObject(v8::Isolate*) const
                 Local<Object> ToObject(Isolate* isolate) const);
                               ^
/home/pabloperalta/.cache/node-gyp/12.13.0/include/node/v8config.h:311:3: note: in definition of macro ‘V8_DEPRECATED’
   declarator __attribute__((deprecated(message)))
   ^~~~~~~~~~
/home/pabloperalta/.cache/node-gyp/12.13.0/include/node/v8.h:2590:31: note:   candidate expects 1 argument, 0 provided
                 Local<Object> ToObject(Isolate* isolate) const);
                               ^
/home/pabloperalta/.cache/node-gyp/12.13.0/include/node/v8config.h:311:3: note: in definition of macro ‘V8_DEPRECATED’
   declarator __attribute__((deprecated(message)))
   ^~~~~~~~~~
In file included from ../src/bufferutil.cc:15:0:
../src/bufferutil.cc:60:25: error: too few arguments to function ‘v8::Local<v8::Boolean> v8::True(v8::Isolate*)’
     NanReturnValue(True());
                         ^
/home/pabloperalta/Documentos/lab-profile-app/node_modules/nan/nan.h:195:65: note: in definition of macro ‘NanReturnValue’
 # define NanReturnValue(value) return args.GetReturnValue().Set(value)
                                                                 ^~~~~
In file included from ../src/bufferutil.cc:7:0:
/home/pabloperalta/.cache/node-gyp/12.13.0/include/node/v8.h:11043:16: note: declared here
 Local<Boolean> True(Isolate* isolate) {
                ^~~~
In file included from ../src/bufferutil.cc:15:0:
/home/pabloperalta/Documentos/lab-profile-app/node_modules/nan/nan.h:195:70: error: return-statement with a value, in function returning 'void' [-fpermissive]
 # define NanReturnValue(value) return args.GetReturnValue().Set(value)
                                                                      ^
../src/bufferutil.cc:60:5: note: in expansion of macro ‘NanReturnValue’
     NanReturnValue(True());
     ^~~~~~~~~~~~~~
../src/bufferutil.cc: In static member function ‘static void BufferUtil::Unmask(const v8::FunctionCallbackInfo<v8::Value>&)’:
../src/bufferutil.cc:66:50: error: no matching function for call to ‘v8::Value::ToObject()’
     Local<Object> buffer_obj = args[0]->ToObject();
                                                  ^
In file included from ../src/bufferutil.cc:7:0:
/home/pabloperalta/.cache/node-gyp/12.13.0/include/node/v8.h:2576:44: note: candidate: v8::MaybeLocal<v8::Object> v8::Value::ToObject(v8::Local<v8::Context>) const
   V8_WARN_UNUSED_RESULT MaybeLocal<Object> ToObject(
                                            ^~~~~~~~
/home/pabloperalta/.cache/node-gyp/12.13.0/include/node/v8.h:2576:44: note:   candidate expects 1 argument, 0 provided
In file included from /home/pabloperalta/.cache/node-gyp/12.13.0/include/node/v8-internal.h:14:0,
                 from /home/pabloperalta/.cache/node-gyp/12.13.0/include/node/v8.h:25,
                 from ../src/bufferutil.cc:7:
/home/pabloperalta/.cache/node-gyp/12.13.0/include/node/v8.h:2590:31: note: candidate: v8::Local<v8::Object> v8::Value::ToObject(v8::Isolate*) const
                 Local<Object> ToObject(Isolate* isolate) const);
                               ^
/home/pabloperalta/.cache/node-gyp/12.13.0/include/node/v8config.h:311:3: note: in definition of macro ‘V8_DEPRECATED’
   declarator __attribute__((deprecated(message)))
   ^~~~~~~~~~
/home/pabloperalta/.cache/node-gyp/12.13.0/include/node/v8.h:2590:31: note:   candidate expects 1 argument, 0 provided
                 Local<Object> ToObject(Isolate* isolate) const);
                               ^
/home/pabloperalta/.cache/node-gyp/12.13.0/include/node/v8config.h:311:3: note: in definition of macro ‘V8_DEPRECATED’
   declarator __attribute__((deprecated(message)))
   ^~~~~~~~~~
../src/bufferutil.cc:68:48: error: no matching function for call to ‘v8::Value::ToObject()’
     Local<Object> mask_obj = args[1]->ToObject();
                                                ^
In file included from ../src/bufferutil.cc:7:0:
/home/pabloperalta/.cache/node-gyp/12.13.0/include/node/v8.h:2576:44: note: candidate: v8::MaybeLocal<v8::Object> v8::Value::ToObject(v8::Local<v8::Context>) const
   V8_WARN_UNUSED_RESULT MaybeLocal<Object> ToObject(
                                            ^~~~~~~~
/home/pabloperalta/.cache/node-gyp/12.13.0/include/node/v8.h:2576:44: note:   candidate expects 1 argument, 0 provided
In file included from /home/pabloperalta/.cache/node-gyp/12.13.0/include/node/v8-internal.h:14:0,
                 from /home/pabloperalta/.cache/node-gyp/12.13.0/include/node/v8.h:25,
                 from ../src/bufferutil.cc:7:
/home/pabloperalta/.cache/node-gyp/12.13.0/include/node/v8.h:2590:31: note: candidate: v8::Local<v8::Object> v8::Value::ToObject(v8::Isolate*) const
                 Local<Object> ToObject(Isolate* isolate) const);
                               ^
/home/pabloperalta/.cache/node-gyp/12.13.0/include/node/v8config.h:311:3: note: in definition of macro ‘V8_DEPRECATED’
   declarator __attribute__((deprecated(message)))
   ^~~~~~~~~~
/home/pabloperalta/.cache/node-gyp/12.13.0/include/node/v8.h:2590:31: note:   candidate expects 1 argument, 0 provided
                 Local<Object> ToObject(Isolate* isolate) const);
                               ^
/home/pabloperalta/.cache/node-gyp/12.13.0/include/node/v8config.h:311:3: note: in definition of macro ‘V8_DEPRECATED’
   declarator __attribute__((deprecated(message)))
   ^~~~~~~~~~
In file included from ../src/bufferutil.cc:15:0:
../src/bufferutil.cc:81:25: error: too few arguments to function ‘v8::Local<v8::Boolean> v8::True(v8::Isolate*)’
     NanReturnValue(True());
                         ^
/home/pabloperalta/Documentos/lab-profile-app/node_modules/nan/nan.h:195:65: note: in definition of macro ‘NanReturnValue’
 # define NanReturnValue(value) return args.GetReturnValue().Set(value)
                                                                 ^~~~~
In file included from ../src/bufferutil.cc:7:0:
/home/pabloperalta/.cache/node-gyp/12.13.0/include/node/v8.h:11043:16: note: declared here
 Local<Boolean> True(Isolate* isolate) {
                ^~~~
In file included from ../src/bufferutil.cc:15:0:
/home/pabloperalta/Documentos/lab-profile-app/node_modules/nan/nan.h:195:70: error: return-statement with a value, in function returning 'void' [-fpermissive]
 # define NanReturnValue(value) return args.GetReturnValue().Set(value)
                                                                      ^
../src/bufferutil.cc:81:5: note: in expansion of macro ‘NanReturnValue’
     NanReturnValue(True());
     ^~~~~~~~~~~~~~
../src/bufferutil.cc: In static member function ‘static void BufferUtil::Mask(const v8::FunctionCallbackInfo<v8::Value>&)’:
../src/bufferutil.cc:87:50: error: no matching function for call to ‘v8::Value::ToObject()’
     Local<Object> buffer_obj = args[0]->ToObject();
                                                  ^
In file included from ../src/bufferutil.cc:7:0:
/home/pabloperalta/.cache/node-gyp/12.13.0/include/node/v8.h:2576:44: note: candidate: v8::MaybeLocal<v8::Object> v8::Value::ToObject(v8::Local<v8::Context>) const
   V8_WARN_UNUSED_RESULT MaybeLocal<Object> ToObject(
                                            ^~~~~~~~
/home/pabloperalta/.cache/node-gyp/12.13.0/include/node/v8.h:2576:44: note:   candidate expects 1 argument, 0 provided
In file included from /home/pabloperalta/.cache/node-gyp/12.13.0/include/node/v8-internal.h:14:0,
                 from /home/pabloperalta/.cache/node-gyp/12.13.0/include/node/v8.h:25,
                 from ../src/bufferutil.cc:7:
/home/pabloperalta/.cache/node-gyp/12.13.0/include/node/v8.h:2590:31: note: candidate: v8::Local<v8::Object> v8::Value::ToObject(v8::Isolate*) const
                 Local<Object> ToObject(Isolate* isolate) const);
                               ^
/home/pabloperalta/.cache/node-gyp/12.13.0/include/node/v8config.h:311:3: note: in definition of macro ‘V8_DEPRECATED’
   declarator __attribute__((deprecated(message)))
   ^~~~~~~~~~
/home/pabloperalta/.cache/node-gyp/12.13.0/include/node/v8.h:2590:31: note:   candidate expects 1 argument, 0 provided
                 Local<Object> ToObject(Isolate* isolate) const);
                               ^
/home/pabloperalta/.cache/node-gyp/12.13.0/include/node/v8config.h:311:3: note: in definition of macro ‘V8_DEPRECATED’
   declarator __attribute__((deprecated(message)))
   ^~~~~~~~~~
../src/bufferutil.cc:88:48: error: no matching function for call to ‘v8::Value::ToObject()’
     Local<Object> mask_obj = args[1]->ToObject();
                                                ^
In file included from ../src/bufferutil.cc:7:0:
/home/pabloperalta/.cache/node-gyp/12.13.0/include/node/v8.h:2576:44: note: candidate: v8::MaybeLocal<v8::Object> v8::Value::ToObject(v8::Local<v8::Context>) const
   V8_WARN_UNUSED_RESULT MaybeLocal<Object> ToObject(
                                            ^~~~~~~~
/home/pabloperalta/.cache/node-gyp/12.13.0/include/node/v8.h:2576:44: note:   candidate expects 1 argument, 0 provided
In file included from /home/pabloperalta/.cache/node-gyp/12.13.0/include/node/v8-internal.h:14:0,
                 from /home/pabloperalta/.cache/node-gyp/12.13.0/include/node/v8.h:25,
                 from ../src/bufferutil.cc:7:
/home/pabloperalta/.cache/node-gyp/12.13.0/include/node/v8.h:2590:31: note: candidate: v8::Local<v8::Object> v8::Value::ToObject(v8::Isolate*) const
                 Local<Object> ToObject(Isolate* isolate) const);
                               ^
/home/pabloperalta/.cache/node-gyp/12.13.0/include/node/v8config.h:311:3: note: in definition of macro ‘V8_DEPRECATED’
   declarator __attribute__((deprecated(message)))
   ^~~~~~~~~~
/home/pabloperalta/.cache/node-gyp/12.13.0/include/node/v8.h:2590:31: note:   candidate expects 1 argument, 0 provided
                 Local<Object> ToObject(Isolate* isolate) const);
                               ^
/home/pabloperalta/.cache/node-gyp/12.13.0/include/node/v8config.h:311:3: note: in definition of macro ‘V8_DEPRECATED’
   declarator __attribute__((deprecated(message)))
   ^~~~~~~~~~
../src/bufferutil.cc:90:50: error: no matching function for call to ‘v8::Value::ToObject()’
     Local<Object> output_obj = args[2]->ToObject();
                                                  ^
In file included from ../src/bufferutil.cc:7:0:
/home/pabloperalta/.cache/node-gyp/12.13.0/include/node/v8.h:2576:44: note: candidate: v8::MaybeLocal<v8::Object> v8::Value::ToObject(v8::Local<v8::Context>) const
   V8_WARN_UNUSED_RESULT MaybeLocal<Object> ToObject(
                                            ^~~~~~~~
/home/pabloperalta/.cache/node-gyp/12.13.0/include/node/v8.h:2576:44: note:   candidate expects 1 argument, 0 provided
In file included from /home/pabloperalta/.cache/node-gyp/12.13.0/include/node/v8-internal.h:14:0,
                 from /home/pabloperalta/.cache/node-gyp/12.13.0/include/node/v8.h:25,
                 from ../src/bufferutil.cc:7:
/home/pabloperalta/.cache/node-gyp/12.13.0/include/node/v8.h:2590:31: note: candidate: v8::Local<v8::Object> v8::Value::ToObject(v8::Isolate*) const
                 Local<Object> ToObject(Isolate* isolate) const);
                               ^
/home/pabloperalta/.cache/node-gyp/12.13.0/include/node/v8config.h:311:3: note: in definition of macro ‘V8_DEPRECATED’
   declarator __attribute__((deprecated(message)))
   ^~~~~~~~~~
/home/pabloperalta/.cache/node-gyp/12.13.0/include/node/v8.h:2590:31: note:   candidate expects 1 argument, 0 provided
                 Local<Object> ToObject(Isolate* isolate) const);
                               ^
/home/pabloperalta/.cache/node-gyp/12.13.0/include/node/v8config.h:311:3: note: in definition of macro ‘V8_DEPRECATED’
   declarator __attribute__((deprecated(message)))
   ^~~~~~~~~~
../src/bufferutil.cc:91:51: error: no matching function for call to ‘v8::Value::Int32Value()’
     unsigned int dataOffset = args[3]->Int32Value();
                                                   ^
In file included from ../src/bufferutil.cc:7:0:
/home/pabloperalta/.cache/node-gyp/12.13.0/include/node/v8.h:2613:40: note: candidate: v8::Maybe<int> v8::Value::Int32Value(v8::Local<v8::Context>) const
   V8_WARN_UNUSED_RESULT Maybe<int32_t> Int32Value(Local<Context> context) const;
                                        ^~~~~~~~~~
/home/pabloperalta/.cache/node-gyp/12.13.0/include/node/v8.h:2613:40: note:   candidate expects 1 argument, 0 provided
../src/bufferutil.cc:92:47: error: no matching function for call to ‘v8::Value::Int32Value()’
     unsigned int length = args[4]->Int32Value();
                                               ^
In file included from ../src/bufferutil.cc:7:0:
/home/pabloperalta/.cache/node-gyp/12.13.0/include/node/v8.h:2613:40: note: candidate: v8::Maybe<int> v8::Value::Int32Value(v8::Local<v8::Context>) const
   V8_WARN_UNUSED_RESULT Maybe<int32_t> Int32Value(Local<Context> context) const;
                                        ^~~~~~~~~~
/home/pabloperalta/.cache/node-gyp/12.13.0/include/node/v8.h:2613:40: note:   candidate expects 1 argument, 0 provided
In file included from ../src/bufferutil.cc:15:0:
../src/bufferutil.cc:106:25: error: too few arguments to function ‘v8::Local<v8::Boolean> v8::True(v8::Isolate*)’
     NanReturnValue(True());
                         ^
/home/pabloperalta/Documentos/lab-profile-app/node_modules/nan/nan.h:195:65: note: in definition of macro ‘NanReturnValue’
 # define NanReturnValue(value) return args.GetReturnValue().Set(value)
                                                                 ^~~~~
In file included from ../src/bufferutil.cc:7:0:
/home/pabloperalta/.cache/node-gyp/12.13.0/include/node/v8.h:11043:16: note: declared here
 Local<Boolean> True(Isolate* isolate) {
                ^~~~
In file included from ../src/bufferutil.cc:15:0:
/home/pabloperalta/Documentos/lab-profile-app/node_modules/nan/nan.h:195:70: error: return-statement with a value, in function returning 'void' [-fpermissive]
 # define NanReturnValue(value) return args.GetReturnValue().Set(value)
                                                                      ^
../src/bufferutil.cc:106:5: note: in expansion of macro ‘NanReturnValue’
     NanReturnValue(True());
     ^~~~~~~~~~~~~~
../src/bufferutil.cc: At global scope:
../src/bufferutil.cc:110:23: error: variable or field ‘init’ declared void
 extern "C" void init (Handle<Object> target)
                       ^~~~~~
../src/bufferutil.cc:110:23: error: ‘Handle’ was not declared in this scope
../src/bufferutil.cc:110:23: note: suggested alternative: ‘rand_r’
 extern "C" void init (Handle<Object> target)
                       ^~~~~~
                       rand_r
../src/bufferutil.cc:110:36: error: expected primary-expression before ‘>’ token
 extern "C" void init (Handle<Object> target)
                                    ^
../src/bufferutil.cc:110:38: error: ‘target’ was not declared in this scope
 extern "C" void init (Handle<Object> target)
                                      ^~~~~~
../src/bufferutil.cc:110:38: note: suggested alternative: ‘tzset’
 extern "C" void init (Handle<Object> target)
                                      ^~~~~~
                                      tzset
In file included from ../src/bufferutil.cc:8:0:
../src/bufferutil.cc:116:25: error: ‘init’ was not declared in this scope
 NODE_MODULE(bufferutil, init)
                         ^
/home/pabloperalta/.cache/node-gyp/12.13.0/include/node/node.h:560:36: note: in definition of macro ‘NODE_MODULE_X’
       (node::addon_register_func) (regfunc),                          \
                                    ^~~~~~~
../src/bufferutil.cc:116:1: note: in expansion of macro ‘NODE_MODULE’
 NODE_MODULE(bufferutil, init)
 ^~~~~~~~~~~
../src/bufferutil.cc:116:25: note: suggested alternative: ‘int’
 NODE_MODULE(bufferutil, init)
                         ^
/home/pabloperalta/.cache/node-gyp/12.13.0/include/node/node.h:560:36: note: in definition of macro ‘NODE_MODULE_X’
       (node::addon_register_func) (regfunc),                          \
                                    ^~~~~~~
../src/bufferutil.cc:116:1: note: in expansion of macro ‘NODE_MODULE’
 NODE_MODULE(bufferutil, init)
 ^~~~~~~~~~~
In file included from ../src/bufferutil.cc:15:0:
/home/pabloperalta/Documentos/lab-profile-app/node_modules/nan/nan.h: In instantiation of ‘void NanDispose(v8::Persistent<T, v8::NonCopyablePersistentTraits<T> >&) [with T = v8::Object]’:
/home/pabloperalta/Documentos/lab-profile-app/node_modules/nan/nan.h:498:34:   required from here
/home/pabloperalta/Documentos/lab-profile-app/node_modules/nan/nan.h:237:12: error: ‘class v8::Persistent<v8::Object>’ has no member named ‘Dispose’
     handle.Dispose(nan_isolate);
     ~~~~~~~^~~~~~~
/home/pabloperalta/Documentos/lab-profile-app/node_modules/nan/nan.h:238:12: error: ‘class v8::Persistent<v8::Object>’ has no member named ‘Clear’
     handle.Clear();
     ~~~~~~~^~~~~
/home/pabloperalta/Documentos/lab-profile-app/node_modules/nan/nan.h:740:21: warning: ‘NanFromV8String’ defined but not used [-Wunused-variable]
 static inline char* NanFromV8String(
                     ^~~~~~~~~~~~~~~
/home/pabloperalta/Documentos/lab-profile-app/node_modules/nan/nan.h:703:13: warning: ‘_NanGetExternalParts’ defined but not used [-Wunused-variable]
 static bool _NanGetExternalParts(
             ^~~~~~~~~~~~~~~~~~~~
make: *** [Release/obj.target/bufferutil/src/bufferutil.o] Error 1
gyp ERR! build error 
gyp ERR! stack Error: `make` failed with exit code: 2
gyp ERR! stack     at ChildProcess.onExit (/home/pabloperalta/.nvm/versions/node/v12.13.0/lib/node_modules/npm/node_modules/node-gyp/lib/build.js:194:23)
gyp ERR! stack     at ChildProcess.emit (events.js:210:5)
gyp ERR! stack     at Process.ChildProcess._handle.onexit (internal/child_process.js:272:12)
gyp ERR! System Linux 5.0.0-36-generic
gyp ERR! command "/home/pabloperalta/.nvm/versions/node/v12.13.0/bin/node" "/home/pabloperalta/.nvm/versions/node/v12.13.0/lib/node_modules/npm/node_modules/node-gyp/bin/node-gyp.js" "rebuild"
gyp ERR! cwd /home/pabloperalta/Documentos/lab-profile-app/node_modules/ws
gyp ERR! node -v v12.13.0
gyp ERR! node-gyp -v v5.0.5
gyp ERR! not ok 
